C51 COMPILER V9.00   DELAY                                                                 05/13/2016 20:14:36 PAGE 1   


C51 COMPILER V9.00, COMPILATION OF MODULE DELAY
OBJECT MODULE PLACED IN .\Output\delay.obj
COMPILER INVOKED BY: d:\Keil\C51\BIN\C51.EXE Driver\src\delay.c LARGE BROWSE INCDIR(.\Appcode;.\BSP;.\Common;.\Driver;.\
                    -Startup;.\Common\inc;.\Driver\inc) DEBUG OBJECTEXTEND PRINT(.\Listing\delay.lst) OBJECT(.\Output\delay.obj)

line level    source

   1          
   2          #include "delay.h"
   3          #include <intrins.h>
   4          
   5          
   6          void Delay10us()                //@20.000MHz
   7          {
   8   1              unsigned char i;
   9   1      
  10   1              _nop_();
  11   1              _nop_();
  12   1              i = 47;
  13   1              while (--i);
  14   1      }
  15          
  16          
  17          
  18          /***************************************************************
  19          ** 函数名称: Delay1ms
  20          ** 功能描述: 延时1ms函数（不精准）
  21          ** 输　入:   
  22          ** 输　出:   
  23          ** 全局变量: 
  24          ** 作　者:   喵呜实验室
  25          ** 淘  宝：  Http://miaowlabs.taobao.com
  26          ** 日　期:   2014年08月01日
  27          ***************************************************************/
  28          void Delay1ms()         //@20.000MHz
  29          {
  30   1              unsigned char i, j;
  31   1      
  32   1              i = 20;
  33   1              j = 113;
  34   1              do
  35   1              {
  36   2                      while (--j);
  37   2              } while (--i);
  38   1      }
  39          
  40          
  41          
  42          
  43          
  44          
  45          /***************************************************************
  46          ** 函数名称: Delaynms
  47          ** 功能描述: 延时nms函数（不精准）
  48          ** 输　入:   
  49          ** 输　出:   
  50          ** 全局变量: 
  51          ** 作　者:   喵呜实验室
  52          ** 淘  宝：  Http://miaowlabs.taobao.com
  53          ** 日　期:   2014年08月01日
  54          ***************************************************************/
C51 COMPILER V9.00   DELAY                                                                 05/13/2016 20:14:36 PAGE 2   

  55           void Delaynms(unsigned int n)
  56           {
  57   1      
  58   1         unsigned int i;
  59   1         for(i=0;i<n;i++) Delay1ms();
  60   1      
  61   1       }


MODULE INFORMATION:   STATIC OVERLAYABLE
   CODE SIZE        =     41    ----
   CONSTANT SIZE    =   ----    ----
   XDATA SIZE       =   ----    ----
   PDATA SIZE       =   ----    ----
   DATA SIZE        =   ----    ----
   IDATA SIZE       =   ----    ----
   BIT SIZE         =   ----    ----
END OF MODULE INFORMATION.


C51 COMPILATION COMPLETE.  0 WARNING(S),  0 ERROR(S)
