C51 COMPILER V9.00   MAIN                                                                  04/15/2016 10:09:57 PAGE 1   


C51 COMPILER V9.00, COMPILATION OF MODULE MAIN
OBJECT MODULE PLACED IN .\Output\main.obj
COMPILER INVOKED BY: d:\Keil\C51\BIN\C51.EXE Appcode\main.c LARGE BROWSE INCDIR(.\Appcode;.\BSP;.\Common;.\Driver;.\Star
                    -tup;.\Common\inc;.\Driver\inc) DEBUG OBJECTEXTEND PRINT(.\Listing\main.lst) OBJECT(.\Output\main.obj)

line level    source

   1          /********************************************************************
   2          作者：Songyimiao
   3          建立日期: 20151129
   4          版本：V2.0
   5          喵呜实验室版权所有
   6          /********************************************************************/
   7          #include "includes.h"
   8          
   9          /***************************************************************
  10          ** 作　  者: Songyimiao
  11          ** 官    网：http://www.miaowlabs.com
  12          ** 淘    宝：http://miaowlabs.taobao.com
  13          ** 日　  期: 2015年11月29日
  14          ** 函数名称: main()
  15          ** 功能描述: 主函数            
  16          ** 输　  入:   
  17          ** 输　  出:   
  18          ** 备    注: 
  19          ********************喵呜实验室版权所有**************************
  20          ***************************************************************/
  21          void main()
  22          {
  23   1              DisableInterrupts;//禁止总中断
  24   1      
  25   1              CLK_DIV_1();      //设置MCU工作频率为外部晶振频率
  26   1              DriversInit();    //MCU底层驱动初始化
  27   1              MPU6050Init();    //MPU6050配置初始化
  28   1              CarStandInit();   //应用程序变量初始化
  29   1              
  30   1              Delaynms(200);    //延时200ms 
  31   1              ON_LED0;                  //指示灯亮起，表示初始化完毕
  32   1              
  33   1              EnableInterrupts; //使能总中断   
  34   1      
  35   1              while(1)
  36   1              { 
  37   2                      if(g_ucUart2Flag>=1)
  38   2                      {
  39   3                              BluetoothControl();     //蓝牙控制函数
  40   3                              g_ucUart2Flag = 0;
  41   3                      }
  42   2                      BatteryChecker();
  43   2      
  44   2      #if DEBUG_UART  //调试启用 预编译命令 
              //若要观察波形进行调试，需将DEBUG_UART设置成1，该版本不需要注释蓝牙控制函数
                      
                              OutData[0] = g_fCarAngle;
                              OutData[1] = g_fGyroAngleSpeed;
                              OutData[2] = g_fGravityAngle ;
                              OutData[3] = g_ucRxd2;
                              OutPut_Data();          
                                        
              #endif                  
  54   2                                              
C51 COMPILER V9.00   MAIN                                                                  04/15/2016 10:09:57 PAGE 2   

  55   2              }
  56   1      }


MODULE INFORMATION:   STATIC OVERLAYABLE
   CODE SIZE        =     47    ----
   CONSTANT SIZE    =   ----    ----
   XDATA SIZE       =   ----    ----
   PDATA SIZE       =   ----    ----
   DATA SIZE        =   ----    ----
   IDATA SIZE       =   ----    ----
   BIT SIZE         =   ----    ----
END OF MODULE INFORMATION.


C51 COMPILATION COMPLETE.  0 WARNING(S),  0 ERROR(S)
