C51 COMPILER V9.00   TIMER                                                                 11/22/2015 19:59:43 PAGE 1   


C51 COMPILER V9.00, COMPILATION OF MODULE TIMER
OBJECT MODULE PLACED IN .\output\timer.obj
COMPILER INVOKED BY: d:\Keil\C51\BIN\C51.EXE driver\timer.c LARGE BROWSE INCDIR(.\common;.\driver;.\user) DEBUG OBJECTEX
                    -TEND PRINT(.\listing\timer.lst) OBJECT(.\output\timer.obj)

line level    source

   1          
   2          #include "timer.h"
   3          
   4          /***************************************************************
   5          ** 函数名称: Timer0Init
   6          ** 功能描述: 计数器0初始化函数-对外部脉冲计数
   7          ** 输　入:   
   8          ** 输　出:   
   9          ** 全局变量: 
  10          ** 作　者:   喵呜实验室
  11          ** 淘  宝：  Http://miaowlabs.taobao.com
  12          ** 日　期:   2014年08月01日
  13          ***************************************************************/
  14          void Timer0Init(void)           
  15          {
  16   1              //      AUXR |= 0x80;  //定时器0为1T模式
  17   1              AUXR &= 0x7f;  //定时器0为12T模式
  18   1              TMOD = 0x00;  //设置定时器为模式0-16位自动重装载)
  19   1              TL0 = 0x95 ;  //初始化计时值 65429 33M/12/(65536-65429)/2=12800HZ
  20   1              TH0 = 0xff ;
  21   1              TF0 = 0; 
  22   1              TR0 = 1;  //定时器0开始计时
  23   1              //ET0 = 1;  //中断使能
  24   1      }
  25          
  26          
  27          /***************************************************************
  28          ** 函数名称: Timer1Init
  29          ** 功能描述: 定时器1初始化函数
  30          ** 输　入:   
  31          ** 输　出:   
  32          ** 全局变量: 
  33          ** 作　者:   喵呜实验室
  34          ** 淘  宝：  Http://miaowlabs.taobao.com
  35          ** 日　期:   2014年08月01日
  36          ***************************************************************/
  37          void Timer1Init(void)   //8毫秒@33.000MHz
  38          {  
  39   1      
  40   1              AUXR &= 0xBF;           //定时器时钟12T模式
  41   1              TMOD &= 0x0F;           //设置定时器模式
  42   1              TL1 = 0x10;                     //设置定时初值
  43   1              TH1 = 0xAA;                     //设置定时初值
  44   1              TF1 = 0;                        //清除TF1标志
  45   1              TR1 = 1;                        //定时器1开始计时
  46   1              ET1 = 1;                //允许定时器T1中断         
  47   1      
  48   1      }
  49          
  50          
  51          
  52          
  53          void Timer3Timer4Init(void)             
  54          {
C51 COMPILER V9.00   TIMER                                                                 11/22/2015 19:59:43 PAGE 2   

  55   1        T4T3M |= 0xCC;
  56   1        IE2 &= 0x1F;
  57   1      }
  58          
  59          


MODULE INFORMATION:   STATIC OVERLAYABLE
   CODE SIZE        =     43    ----
   CONSTANT SIZE    =   ----    ----
   XDATA SIZE       =   ----    ----
   PDATA SIZE       =   ----    ----
   DATA SIZE        =   ----    ----
   IDATA SIZE       =   ----    ----
   BIT SIZE         =   ----    ----
END OF MODULE INFORMATION.


C51 COMPILATION COMPLETE.  0 WARNING(S),  0 ERROR(S)
