C51 COMPILER V9.00   UART                                                                  01/17/2016 13:55:38 PAGE 1   


C51 COMPILER V9.00, COMPILATION OF MODULE UART
OBJECT MODULE PLACED IN .\Output\uart.obj
COMPILER INVOKED BY: d:\Keil\C51\BIN\C51.EXE Driver\src\uart.c LARGE BROWSE INCDIR(.\Appcode;.\BSP;.\Common;.\Driver;.\S
                    -tartup;.\Common\inc;.\Driver\inc) DEBUG OBJECTEXTEND PRINT(.\Listing\uart.lst) OBJECT(.\Output\uart.obj)

line level    source

   1          
   2          #include <uart.h>   
   3          
   4          /***************************************************************
   5          ** 函数名称: Uart1Init
   6          ** 功能描述: UART1初始化函数
   7          ** 输　入:   
   8          ** 输　出:   
   9          ** 全局变量: 
  10          ** 作　者:   喵呜实验室
  11          ** 淘  宝：  Http://miaowlabs.taobao.com
  12          ** 日　期:   2014年08月01日
  13          ***************************************************************/
  14          void Uart1Init(void)            //115200bps@20.000MHz
  15          {
  16   1              SCON = 0x50;            //8位数据,可变波特率
  17   1              AUXR |= 0x04;           //定时器2时钟为Fosc,即1T
  18   1      //      T2L = 0xF7;                     //设定定时初值
  19   1      //      T2H = 0xFD;                     //设定定时初值
  20   1              T2L = 0xD5;                     //设定定时初值
  21   1              T2H = 0xFF;                     //设定定时初值
  22   1              AUXR |= 0x01;           //串口1选择定时器2为波特率发生器
  23   1              AUXR |= 0x10;           //启动定时器2
  24   1      //      TI = 1;
  25   1      }
  26          
  27          /***************************************************************
  28          ** 函数名称: Uart2Init
  29          ** 功能描述: UART1初始化函数
  30          ** 输　入:   
  31          ** 输　出:   
  32          ** 全局变量: 
  33          ** 作　者:   喵呜实验室
  34          ** 淘  宝：  Http://miaowlabs.taobao.com
  35          ** 日　期:   2014年08月01日
  36          ***************************************************************/
  37          void Uart2Init(void)            //115200bps@20.000MHz
  38          {
  39   1              S2CON = 0x50;           //8位数据,可变波特率
  40   1              AUXR |= 0x04;           //定时器2时钟为Fosc,即1T
  41   1              T2L = 0xD5;                     //设定定时初值
  42   1              T2H = 0xFF;                     //设定定时初值
  43   1              AUXR |= 0x10;           //启动定时器2
  44   1      }
  45          
  46          /***************************************************************
  47          ** 函数名称: UART1ReceiveByte
  48          ** 功能描述: UART1接收函数
  49          ** 输　入:   
  50          ** 输　出:   
  51          ** 全局变量: 
  52          ** 作　者:   喵呜实验室
  53          ** 淘  宝：  Http://miaowlabs.taobao.com
  54          ** 日　期:   2014年08月01日
C51 COMPILER V9.00   UART                                                                  01/17/2016 13:55:38 PAGE 2   

  55          ***************************************************************/
  56          /*
  57          unsigned char UART1ReceiveByte(void)
  58          {
  59              unsigned char xdata ucRxd1; 
  60             
  61                  while(RI==0);
  62                  RI = 0;
  63                  ucRxd1 = SBUF;
  64                  return(ucRxd1);
  65          }
  66          */
  67          /***************************************************************
  68          ** 函数名称: UART2ReceiveByte
  69          ** 功能描述: UART2接收函数
  70          ** 输　入:   
  71          ** 输　出:   
  72          ** 全局变量: 
  73          ** 作　者:   喵呜实验室
  74          ** 淘  宝：  Http://miaowlabs.taobao.com
  75          ** 日　期:   2014年08月01日
  76          ***************************************************************/
  77          
  78          unsigned char UART2ReceiveByte(void)
  79          {
  80   1          unsigned char xdata ucRxd2; 
  81   1      
  82   1              while((S2CON & 0x01) == 0);
  83   1              S2CON &= 0xFE;
  84   1              ucRxd2 = S2BUF;
  85   1              return(ucRxd2);
  86   1      }
  87          
  88          /***************************************************************
  89          ** 函数名称: UART1SendByte
  90          ** 功能描述: UART1发送函数
  91          ** 输　入:   
  92          ** 输　出:   
  93          ** 全局变量: 
  94          ** 作　者:   喵呜实验室
  95          ** 淘  宝：  Http://miaowlabs.taobao.com
  96          ** 日　期:   2014年08月01日
  97          ***************************************************************/
  98          void UART1SendByte(unsigned char TxD1)  
  99          {   
 100   1          SBUF=TxD1;  
 101   1          while(TI == 0);//等待发送完成 
 102   1          //while(!TI);//等待发送完成 
 103   1          TI=0;   
 104   1      }  
 105          
 106          /***************************************************************
 107          ** 函数名称: UART2SendByte
 108          ** 功能描述: UART2发送函数
 109          ** 输　入:   
 110          ** 输　出:   
 111          ** 全局变量: 
 112          ** 作　者:   喵呜实验室
 113          ** 淘  宝：  Http://miaowlabs.taobao.com
 114          ** 日　期:   2014年08月01日
 115          ***************************************************************/
 116          /*
C51 COMPILER V9.00   UART                                                                  01/17/2016 13:55:38 PAGE 3   

 117          void UART2SendByte(unsigned char TxD2)  
 118          {   
 119              S2BUF=TxD2;  
 120              while ((S2CON & 0x02) == 0); //等待发送完成 
 121              S2CON &= 0xFD;    
 122          }   
 123          */


MODULE INFORMATION:   STATIC OVERLAYABLE
   CODE SIZE        =     54    ----
   CONSTANT SIZE    =   ----    ----
   XDATA SIZE       =   ----    ----
   PDATA SIZE       =   ----    ----
   DATA SIZE        =   ----    ----
   IDATA SIZE       =   ----    ----
   BIT SIZE         =   ----    ----
END OF MODULE INFORMATION.


C51 COMPILATION COMPLETE.  0 WARNING(S),  0 ERROR(S)
